<?xml version="1.0" encoding="UTF-8"?>
<testsuite xmlns:xsi="http://www.w3.org/2001/XMLSchema-instance" xsi:noNamespaceSchemaLocation="https://maven.apache.org/surefire/maven-surefire-plugin/xsd/surefire-test-report-3.0.xsd" version="3.0" name="MainTest" time="39.163" tests="3" errors="0" skipped="0" failures="0">
  <properties>
[...]
</properties>
  <testcase name="thirdTask" classname="MainTest" time="21.498">
    <system-out><![CDATA[[23:50:13.367] | INFO  | main                             | BaseTest                         | [auth_token_expires=1767300614; expires=Вт, 06 фев 2024 11:50:12 MSK; path=/; domain=.otus.ru, advcake_track_id=022289c4-1644-f10e-03c9-fd145cac66ac; expires=Ср, 01 фев 2023 11:49:58 MSK; path=/; domain=.otus.ru, _ym_d=1672692598; expires=Вт, 02 янв 2024 11:49:58 MSK; path=/; domain=.otus.ru;secure;; sameSite=None, sessionid=vlkz5pje8alsjle2avizirunnmszt2qt; expires=Вс, 02 апр 2023 11:50:12 MSK; path=/; domain=otus.ru;secure;; sameSite=Lax, oid=3e000d59835b3b86eff0fa37b16a2936; expires=Вт, 06 фев 2024 11:50:12 MSK; path=/; domain=.otus.ru, _tt_enable_cookie=1; expires=Сб, 27 янв 2024 11:50:12 MSK; path=/; domain=.otus.ru, _ym_visorc=w; expires=Вт, 03 янв 2023 12:20:12 MSK; path=/; domain=.otus.ru;secure;; sameSite=None, utm=utm_source%3Dtypein%26utm_medium%3Ddirect%26utm_campaign%3DNone; expires=Вт, 06 фев 2024 11:50:12 MSK; path=/; domain=.otus.ru, _gid=GA1.2.2034131327.1672692598; expires=Вт, 03 янв 2023 11:50:12 MSK; path=/; domain=.otus.ru, gdeslon.ru.__arc_domain=gdeslon.ru; expires=Сб, 01 июл 2023 11:49:59 MSK; path=/; domain=.otus.ru, analytic_id=1672692600579696; expires=Вт, 06 фев 2024 11:50:00 MSK; path=/; domain=.otus.ru, _ym_uid=1672692598870190810; expires=Вт, 02 янв 2024 11:49:58 MSK; path=/; domain=.otus.ru;secure;; sameSite=None, gdeslon.ru.user_id=485760ed-36f4-4b7d-8d3b-786218473ddb; expires=Сб, 01 июл 2023 11:49:59 MSK; path=/; domain=.otus.ru, _ym_isad=2; expires=Вт, 03 янв 2023 07:49:59 MSK; path=/; domain=.otus.ru;secure;; sameSite=None, _gat=1; expires=Пн, 02 янв 2023 11:50:58 MSK; path=/; domain=.otus.ru, _ga=GA1.2.505181797.1672692598; expires=Вт, 06 фев 2024 11:50:12 MSK; path=/; domain=.otus.ru, auth_token=ZN83fYapzNGLW0smihq9Og; expires=Вт, 06 фев 2024 11:50:12 MSK; path=/; domain=.otus.ru, _ttp=EBxUuzMDw8j-ffahIMU_5okBVDz; expires=Сб, 27 янв 2024 11:50:12 MSK; path=/; domain=.otus.ru, advcake_session_id=64aa6454-5707-5291-9d43-afe096831bdc; expires=Ср, 01 фев 2023 11:49:58 MSK; path=/; domain=.otus.ru]
]]></system-out>
    <system-err><![CDATA[SLF4J: No SLF4J providers were found.
SLF4J: Defaulting to no-operation (NOP) logger implementation
SLF4J: See https://www.slf4j.org/codes.html#noProviders for further details.
SLF4J: Class path contains SLF4J bindings targeting slf4j-api versions 1.7.x or earlier.
SLF4J: Ignoring binding found at [jar:file:/C:/Users/kirgintseva/.m2/repository/org/apache/logging/log4j/log4j-slf4j-impl/2.19.0/log4j-slf4j-impl-2.19.0.jar!/org/slf4j/impl/StaticLoggerBinder.class]
SLF4J: See https://www.slf4j.org/codes.html#ignoredBindings for an explanation.
Starting ChromeDriver 108.0.5359.71 (1e0e3868ee06e91ad636a874420e3ca3ae3756ac-refs/branch-heads/5359@{#1016}) on port 24652
Only local connections are allowed.
Please see https://chromedriver.chromium.org/security-considerations for suggestions on keeping ChromeDriver safe.
ChromeDriver was started successfully.
]]></system-err>
  </testcase>
  <testcase name="firstTask" classname="MainTest" time="10.547">
    <system-err><![CDATA[Starting ChromeDriver 108.0.5359.71 (1e0e3868ee06e91ad636a874420e3ca3ae3756ac-refs/branch-heads/5359@{#1016}) on port 48739
Only local connections are allowed.
Please see https://chromedriver.chromium.org/security-considerations for suggestions on keeping ChromeDriver safe.
ChromeDriver was started successfully.
]]></system-err>
  </testcase>
  <testcase name="secondTask" classname="MainTest" time="7.095">
    <system-err><![CDATA[Starting ChromeDriver 108.0.5359.71 (1e0e3868ee06e91ad636a874420e3ca3ae3756ac-refs/branch-heads/5359@{#1016}) on port 21138
Only local connections are allowed.
Please see https://chromedriver.chromium.org/security-considerations for suggestions on keeping ChromeDriver safe.
ChromeDriver was started successfully.
]]></system-err>
  </testcase>
</testsuite>