<?xml version="1.0" encoding="UTF-8"?>
<testsuite xmlns:xsi="http://www.w3.org/2001/XMLSchema-instance" xsi:noNamespaceSchemaLocation="https://maven.apache.org/surefire/maven-surefire-plugin/xsd/surefire-test-report-3.0.xsd" version="3.0" name="MainTest" time="22.42" tests="3" errors="0" skipped="0" failures="0">
  <properties>
[...]
</properties>
  <testcase name="thirdTask" classname="MainTest" time="13.555">
    <system-out><![CDATA[[09:18:12.816] | INFO  | main                             | class MainTest                   | [advcake_track_id=6122a7e2-c139-8629-4f84-b7433de79af1; expires=Вс, 19 фев 2023 09:18:08 MSK; path=/; domain=.otus.ru, sessionid=kqgfe85tniittsik6gjoscx4n4s5i4j6; expires=Чт, 20 апр 2023 09:18:07 MSK; path=/; domain=otus.ru;secure;; sameSite=Lax, oid=7fdf4edbeae0737f7480785a53b066ab; expires=Сб, 24 фев 2024 09:18:11 MSK; path=/; domain=.otus.ru, _ym_d=1674195488; expires=Сб, 20 янв 2024 09:18:08 MSK; path=/; domain=.otus.ru;secure;; sameSite=None, _tt_enable_cookie=1; expires=Ср, 14 фев 2024 09:18:10 MSK; path=/; domain=.otus.ru, _ym_visorc=w; expires=Пт, 20 янв 2023 09:48:10 MSK; path=/; domain=.otus.ru;secure;; sameSite=None, gdeslon.ru.__arc_domain=gdeslon.ru; expires=Ср, 19 июл 2023 09:18:09 MSK; path=/; domain=.otus.ru, _gid=GA1.2.691561524.1674195488; expires=Сб, 21 янв 2023 09:18:08 MSK; path=/; domain=.otus.ru, utm=utm_source%3Dtypein%26utm_medium%3Ddirect%26utm_campaign%3DNone; expires=Сб, 24 фев 2024 09:18:11 MSK; path=/; domain=.otus.ru, analytic_id=1674195491143983; expires=Сб, 24 фев 2024 09:18:11 MSK; path=/; domain=.otus.ru, _ym_uid=1674195488849304938; expires=Сб, 20 янв 2024 09:18:08 MSK; path=/; domain=.otus.ru;secure;; sameSite=None, gdeslon.ru.user_id=74782c33-8e2b-4c06-a46d-f34296600c37; expires=Ср, 19 июл 2023 09:18:09 MSK; path=/; domain=.otus.ru, _gat=1; expires=Пт, 20 янв 2023 09:19:08 MSK; path=/; domain=.otus.ru, _ym_isad=2; expires=Сб, 21 янв 2023 05:18:09 MSK; path=/; domain=.otus.ru;secure;; sameSite=None, _ga=GA1.2.1802492982.1674195488; expires=Сб, 24 фев 2024 09:18:08 MSK; path=/; domain=.otus.ru, _ttp=Fe3kRi8AKCwqwj-bkfd624X0lSK; expires=Ср, 14 фев 2024 09:18:10 MSK; path=/; domain=.otus.ru, advcake_session_id=da3dd87e-4753-f3a1-f1b7-97c1506e2431; expires=Вс, 19 фев 2023 09:18:08 MSK; path=/; domain=.otus.ru]
]]></system-out>
    <system-err><![CDATA[SLF4J: No SLF4J providers were found.
SLF4J: Defaulting to no-operation (NOP) logger implementation
SLF4J: See https://www.slf4j.org/codes.html#noProviders for further details.
SLF4J: Class path contains SLF4J bindings targeting slf4j-api versions 1.7.x or earlier.
SLF4J: Ignoring binding found at [jar:file:/C:/Users/kirgintseva/.m2/repository/org/apache/logging/log4j/log4j-slf4j-impl/2.19.0/log4j-slf4j-impl-2.19.0.jar!/org/slf4j/impl/StaticLoggerBinder.class]
SLF4J: See https://www.slf4j.org/codes.html#ignoredBindings for an explanation.
Starting ChromeDriver 109.0.5414.74 (e7c5703604daa9cc128ccf5a5d3e993513758913-refs/branch-heads/5414@{#1172}) on port 26278
Only local connections are allowed.
Please see https://chromedriver.chromium.org/security-considerations for suggestions on keeping ChromeDriver safe.
ChromeDriver was started successfully.
янв 20, 2023 9:18:06 AM org.openqa.selenium.devtools.CdpVersionFinder findNearestMatch
WARNING: Unable to find an exact match for CDP version 109, so returning the closest version found: 108
]]></system-err>
  </testcase>
  <testcase name="firstTask" classname="MainTest" time="4.368">
    <system-err><![CDATA[Starting ChromeDriver 109.0.5414.74 (e7c5703604daa9cc128ccf5a5d3e993513758913-refs/branch-heads/5414@{#1172}) on port 23984
Only local connections are allowed.
Please see https://chromedriver.chromium.org/security-considerations for suggestions on keeping ChromeDriver safe.
ChromeDriver was started successfully.
янв 20, 2023 9:18:14 AM org.openqa.selenium.devtools.CdpVersionFinder findNearestMatch
WARNING: Unable to find an exact match for CDP version 109, so returning the closest version found: 108
]]></system-err>
  </testcase>
  <testcase name="secondTask" classname="MainTest" time="4.454">
    <system-err><![CDATA[Starting ChromeDriver 109.0.5414.74 (e7c5703604daa9cc128ccf5a5d3e993513758913-refs/branch-heads/5414@{#1172}) on port 40023
Only local connections are allowed.
Please see https://chromedriver.chromium.org/security-considerations for suggestions on keeping ChromeDriver safe.
ChromeDriver was started successfully.
янв 20, 2023 9:18:19 AM org.openqa.selenium.devtools.CdpVersionFinder findNearestMatch
WARNING: Unable to find an exact match for CDP version 109, so returning the closest version found: 108
]]></system-err>
  </testcase>
</testsuite>